IN, 0x0200, 0, 0x0000
XAML, 0x0024, 0, 0x0000
XAMH, 0x0025, 0, 0x0000
STL, 0x0026, 0, 0x0000
STH, 0x0027, 0, 0x0000
L, 0x0028, 0, 0x0000
H, 0x0029, 0, 0x0000
YSAV, 0x002a, 0, 0x0000
MODE, 0x002b, 0, 0x0000
MSGL, 0x002c, 0, 0x0000
MSGH, 0x002d, 0, 0x0000
COUNTER, 0x002e, 0, 0x0000
CRC, 0x002f, 0, 0x0000
CRCCHECK, 0x0030, 0, 0x0000
ISRL, 0x0031, 0, 0x0000
ISRH, 0x0032, 0, 0x0000
DIGN, 0x0033, 0, 0x0000
DIG0, 0x0034, 0, 0x0000
DIG1, 0x0035, 0, 0x0000
DIG2, 0x0036, 0, 0x0000
DIG3, 0x0037, 0, 0x0000
DIG4, 0x0038, 0, 0x0000
DIG5, 0x0039, 0, 0x0000
DIGA, 0x003a, 0, 0x0000
DDR, 0x0000, 0, 0x0000
PORT, 0x0001, 0, 0x0000
ACIA, 0xd800, 0, 0x0000
ACIA2, 0xd820, 0, 0x0000
AD, 0xd840, 0, 0x0000
CIA, 0xd000, 0, 0x0000
CIA2, 0xd860, 0, 0x0000
PRA, 0xd000, 0, 0x0000
PRB, 0xd001, 0, 0x0000
DDRA, 0xd002, 0, 0x0000
DDRB, 0xd003, 0, 0x0000
TAL, 0xd004, 0, 0x0000
TAH, 0xd005, 0, 0x0000
TBL, 0xd006, 0, 0x0000
TBH, 0xd007, 0, 0x0000
SDR, 0xd00c, 0, 0x0000
ICR, 0xd00d, 0, 0x0000
CRA, 0xd00e, 0, 0x0000
CRB, 0xd00f, 0, 0x0000
PRA2, 0xd860, 0, 0x0000
PRB2, 0xd861, 0, 0x0000
DDRA2, 0xd862, 0, 0x0000
DDRB2, 0xd863, 0, 0x0000
TAL2, 0xd864, 0, 0x0000
TAH2, 0xd865, 0, 0x0000
TBL2, 0xd866, 0, 0x0000
TBH2, 0xd867, 0, 0x0000
SDR2, 0xd86c, 0, 0x0000
ICR2, 0xd86d, 0, 0x0000
CRA2, 0xd86e, 0, 0x0000
CRB2, 0xd86f, 0, 0x0000
ACIA_CTRL, 0xd800, 0, 0x0000
ACIA_SR, 0xd800, 0, 0x0000
ACIA_DAT, 0xd801, 0, 0x0000
ACIA2_CTRL, 0xd820, 0, 0x0000
ACIA2_SR, 0xd820, 0, 0x0000
ACIA2_DAT, 0xd821, 0, 0x0000
RESET, 0xe000, 0, 0x0000
DUMMYISR, 0xe2a8, 0, 0x0000
ENSEG, 0xe279, 0, 0x0000
DMSG1, 0xe38a, 0, 0x0000
SSHOWMSG, 0xe26c, 0, 0x0000
ECHO, 0xe15b, 0, 0x0000
MSG1, 0xe2dc, 0, 0x0000
SHWMSG, 0xe16a, 0, 0x0000
SOFTRESET, 0xe048, 0, 0x0000
NOTCR, 0xe04a, 0, 0x0000
BACKSPACE, 0xe066, 0, 0x0000
ESCAPE, 0xe055, 0, 0x0000
NEXTCHAR, 0xe073, 0, 0x0000
GETLINE, 0xe05a, 0, 0x0000
CONVERT, 0xe083, 0, 0x0000
SETSTOR, 0xe094, 0, 0x0000
SETMODE, 0xe095, 0, 0x0000
BLSKIP, 0xe097, 0, 0x0000
NEXTITEM, 0xe098, 0, 0x0000
RUN, 0xe0de, 0, 0x0000
LOADINT, 0xe0e7, 0, 0x0000
NEXTHEX, 0xe0b7, 0, 0x0000
DIG, 0xe0c6, 0, 0x0000
NOTHEX, 0xe0d7, 0, 0x0000
HEXSHIFT, 0xe0cc, 0, 0x0000
NOESCAPE, 0xe0ed, 0, 0x0000
ACTRUN, 0xe0e4, 0, 0x0000
LOADINTEL, 0xe177, 0, 0x0000
NOTSTOR, 0xe0fe, 0, 0x0000
TONEXTITEM, 0xe0fb, 0, 0x0000
XAMNEXT, 0xe130, 0, 0x0000
SETADR, 0xe102, 0, 0x0000
NXTPRNT, 0xe10b, 0, 0x0000
PRDATA, 0xe126, 0, 0x0000
PRBYTE, 0xe148, 0, 0x0000
MOD8CHK, 0xe142, 0, 0x0000
PRHEX, 0xe151, 0, 0x0000
WAIT, 0xe161, 0, 0x0000
PRINT, 0xe16c, 0, 0x0000
DONE, 0xe176, 0, 0x0000
MSG2, 0xe2f1, 0, 0x0000
INTELLINE, 0xe190, 0, 0x0000
GETCHAR, 0xe255, 0, 0x0000
INTELDONE, 0xe202, 0, 0x0000
FINDCOL, 0xe1a1, 0, 0x0000
GETHEX, 0xe232, 0, 0x0000
NODOT, 0xe1d1, 0, 0x0000
INTELSTORE, 0xe1dd, 0, 0x0000
TESTCOUNT, 0xe1ed, 0, 0x0000
OKMESS, 0xe21c, 0, 0x0000
MSG4, 0xe327, 0, 0x0000
MSG3, 0xe310, 0, 0x0000
DONEFIRST, 0xe23d, 0, 0x0000
DONESECOND, 0xe24f, 0, 0x0000
SCLEAR, 0xe260, 0, 0x0000
CLR, 0xe390, 0, 0x0000
SPUTDIS, 0xe26e, 0, 0x0000
ISR, 0xe29f, 0, 0x0000
NOSEVSEG, 0xe2af, 0, 0x0000
SEVSEG, 0xe2b3, 0, 0x0000
SEVSEGNUL, 0xe2c4, 0, 0x0000
SEGS, 0xe34f, 0, 0x0000
NEXTSEG, 0xe2d7, 0, 0x0000
ENDSEG, 0xe2d9, 0, 0x0000
END, 0xe396, 0, 0x0000
