MSGL, 0x002c, 0, 0x0000
MSGH, 0x002d, 0, 0x0000
ADL, 0x002e, 0, 0x0000
ADH, 0x002f, 0, 0x0000
CS, 0x0001, 0, 0x0000
DDR, 0x0000, 0, 0x0000
PORT, 0x0001, 0, 0x0000
ACIA, 0xd800, 0, 0x0000
ACIA2, 0xd820, 0, 0x0000
AD, 0xd840, 0, 0x0000
CIA, 0xd000, 0, 0x0000
CIA2, 0xd860, 0, 0x0000
PRA, 0xd000, 0, 0x0000
PRB, 0xd001, 0, 0x0000
DDRA, 0xd002, 0, 0x0000
DDRB, 0xd003, 0, 0x0000
TAL, 0xd004, 0, 0x0000
TAH, 0xd005, 0, 0x0000
TBL, 0xd006, 0, 0x0000
TBH, 0xd007, 0, 0x0000
SDR, 0xd00c, 0, 0x0000
ICR, 0xd00d, 0, 0x0000
CRA, 0xd00e, 0, 0x0000
CRB, 0xd00f, 0, 0x0000
PRA2, 0xd860, 0, 0x0000
PRB2, 0xd861, 0, 0x0000
DDRA2, 0xd862, 0, 0x0000
DDRB2, 0xd863, 0, 0x0000
TAL2, 0xd864, 0, 0x0000
TAH2, 0xd865, 0, 0x0000
TBL2, 0xd866, 0, 0x0000
TBH2, 0xd867, 0, 0x0000
SDR2, 0xd86c, 0, 0x0000
ICR2, 0xd86d, 0, 0x0000
CRA2, 0xd86e, 0, 0x0000
CRB2, 0xd86f, 0, 0x0000
ACIA_CTRL, 0xd800, 0, 0x0000
ACIA_SR, 0xd800, 0, 0x0000
ACIA_DAT, 0xd801, 0, 0x0000
ACIA2_CTRL, 0xd820, 0, 0x0000
ACIA2_SR, 0xd820, 0, 0x0000
ACIA2_DAT, 0xd821, 0, 0x0000
RAM_PIC, 0x0000, 0, 0x0000
RAM_CHR, 0x1000, 0, 0x0000
RAM_PAL, 0x2000, 0, 0x0000
IDENT, 0x2800, 0, 0x0000
REV, 0x2801, 0, 0x0000
FRAME, 0x2802, 0, 0x0000
VBLANK, 0x2803, 0, 0x0000
SCROLL_X, 0x2804, 0, 0x0000
SCROLL_Y, 0x2806, 0, 0x0000
JK_MODE, 0x2808, 0, 0x0000
J1_RESET, 0x2809, 0, 0x0000
SPR_DISABLE, 0x280a, 0, 0x0000
SPR_PAGE, 0x280b, 0, 0x0000
IOMODE, 0x280c, 0, 0x0000
BG_COLOR, 0x280e, 0, 0x0000
SAMPLE_L, 0x2810, 0, 0x0000
SAMPLE_R, 0x2812, 0, 0x0000
MODULATOR, 0x2814, 0, 0x0000
SCREENSHOT_Y, 0x281e, 0, 0x0000
PALETTE16A, 0x2840, 0, 0x0000
PALETTE16B, 0x2860, 0, 0x0000
PALETTE4A, 0x2880, 0, 0x0000
PALETTE4B, 0x2888, 0, 0x0000
COMM, 0x2890, 0, 0x0000
COLLISION, 0x2900, 0, 0x0000
VOICES, 0x2a00, 0, 0x0000
J1_CODE, 0x2b00, 0, 0x0000
SCREENSHOT, 0x2c00, 0, 0x0000
RAM_SPR, 0x3000, 0, 0x0000
RAM_SPRPAL, 0x3800, 0, 0x0000
RAM_SPRIMG, 0x4000, 0, 0x0000
c_red, 0x7c00, 0, 0x0000
c_green, 0x03e0, 0, 0x0000
c_dkgreen, 0x00e0, 0, 0x0000
c_blue, 0x001f, 0, 0x0000
c_black, 0x0000, 0, 0x0000
c_white, 0x7fff, 0, 0x0000
c_alpha, 0x8000, 0, 0x0000
INITSPI, 0x1000, 0, 0x0000
END, 0x1221, 0, 0x0000
GDINIT, 0x1017, 0, 0x0000
SPI, 0x1215, 0, 0x0000
GDFILL256, 0x11ef, 0, 0x0000
FILL, 0x1206, 0, 0x0000
SPIWAIT, 0x1219, 0, 0x0000
