DDR, 0x0000, 0, 0x0000
PORT, 0x0001, 0, 0x0000
ACIA, 0xd800, 0, 0x0000
ACIA2, 0xd820, 0, 0x0000
AD, 0xd840, 0, 0x0000
CIA, 0xd000, 0, 0x0000
CIA2, 0xd860, 0, 0x0000
PRA, 0xd000, 0, 0x0000
PRB, 0xd001, 0, 0x0000
DDRA, 0xd002, 0, 0x0000
DDRB, 0xd003, 0, 0x0000
TAL, 0xd004, 0, 0x0000
TAH, 0xd005, 0, 0x0000
TBL, 0xd006, 0, 0x0000
TBH, 0xd007, 0, 0x0000
SDR, 0xd00c, 0, 0x0000
ICR, 0xd00d, 0, 0x0000
CRA, 0xd00e, 0, 0x0000
CRB, 0xd00f, 0, 0x0000
PRA2, 0xd860, 0, 0x0000
PRB2, 0xd861, 0, 0x0000
DDRA2, 0xd862, 0, 0x0000
DDRB2, 0xd863, 0, 0x0000
TAL2, 0xd864, 0, 0x0000
TAH2, 0xd865, 0, 0x0000
TBL2, 0xd866, 0, 0x0000
TBH2, 0xd867, 0, 0x0000
SDR2, 0xd86c, 0, 0x0000
ICR2, 0xd86d, 0, 0x0000
CRA2, 0xd86e, 0, 0x0000
CRB2, 0xd86f, 0, 0x0000
ACIA_CTRL, 0xd800, 0, 0x0000
ACIA_SR, 0xd800, 0, 0x0000
ACIA_DAT, 0xd801, 0, 0x0000
ACIA2_CTRL, 0xd820, 0, 0x0000
ACIA2_SR, 0xd820, 0, 0x0000
ACIA2_DAT, 0xd821, 0, 0x0000
MSGL, 0x002c, 0, 0x0000
MSGH, 0x002d, 0, 0x0000
ECHO, 0xe00c, 0, 0x0000
DELAY, 0xe01b, 0, 0x0000
START, 0x0800, 0, 0x0000
END, 0x0977, 0, 0x0000
SPI, 0x096a, 0, 0x0000
SPIWAIT, 0x096e, 0, 0x0000
