IN, 0x0200, 0, 0x0000
XAML, 0x0024, 0, 0x0000
XAMH, 0x0025, 0, 0x0000
STL, 0x0026, 0, 0x0000
STH, 0x0027, 0, 0x0000
L, 0x0028, 0, 0x0000
H, 0x0029, 0, 0x0000
YSAV, 0x002a, 0, 0x0000
MODE, 0x002b, 0, 0x0000
MSGL, 0x002c, 0, 0x0000
MSGH, 0x002d, 0, 0x0000
COUNTER, 0x002e, 0, 0x0000
CRC, 0x002f, 0, 0x0000
CRCCHECK, 0x0030, 0, 0x0000
CASEN, 0x0031, 0, 0x0000
ISRL, 0x0041, 0, 0x0000
ISRH, 0x0042, 0, 0x0000
DIGN, 0x0043, 0, 0x0000
DIG0, 0x0044, 0, 0x0000
DIG1, 0x0045, 0, 0x0000
DIG2, 0x0046, 0, 0x0000
DIG3, 0x0047, 0, 0x0000
DIG4, 0x0048, 0, 0x0000
DIG5, 0x0049, 0, 0x0000
DIGA, 0x004a, 0, 0x0000
DDR, 0x0000, 0, 0x0000
PORT, 0x0001, 0, 0x0000
ACIA, 0xd800, 0, 0x0000
ACIA2, 0xd820, 0, 0x0000
AD, 0xd840, 0, 0x0000
CIA, 0xd000, 0, 0x0000
CIA2, 0xd860, 0, 0x0000
PRA, 0xd000, 0, 0x0000
PRB, 0xd001, 0, 0x0000
DDRA, 0xd002, 0, 0x0000
DDRB, 0xd003, 0, 0x0000
TAL, 0xd004, 0, 0x0000
TAH, 0xd005, 0, 0x0000
TBL, 0xd006, 0, 0x0000
TBH, 0xd007, 0, 0x0000
SDR, 0xd00c, 0, 0x0000
ICR, 0xd00d, 0, 0x0000
CRA, 0xd00e, 0, 0x0000
CRB, 0xd00f, 0, 0x0000
PRA2, 0xd860, 0, 0x0000
PRB2, 0xd861, 0, 0x0000
DDRA2, 0xd862, 0, 0x0000
DDRB2, 0xd863, 0, 0x0000
TAL2, 0xd864, 0, 0x0000
TAH2, 0xd865, 0, 0x0000
TBL2, 0xd866, 0, 0x0000
TBH2, 0xd867, 0, 0x0000
SDR2, 0xd86c, 0, 0x0000
ICR2, 0xd86d, 0, 0x0000
CRA2, 0xd86e, 0, 0x0000
CRB2, 0xd86f, 0, 0x0000
ACIA_CTRL, 0xd800, 0, 0x0000
ACIA_SR, 0xd800, 0, 0x0000
ACIA_DAT, 0xd801, 0, 0x0000
ACIA2_CTRL, 0xd820, 0, 0x0000
ACIA2_SR, 0xd820, 0, 0x0000
ACIA2_DAT, 0xd821, 0, 0x0000
START, 0xe000, 0, 0x0000
RESET, 0xe02d, 0, 0x0000
SOFTRESET, 0xe078, 0, 0x0000
PRBYTE, 0xe19c, 0, 0x0000
PRHEX, 0xe1a5, 0, 0x0000
ECHO, 0xe1af, 0, 0x0000
SHWMSG, 0xe1be, 0, 0x0000
SDCLEAR, 0xe1cb, 0, 0x0000
PRASC, 0xe1dd, 0, 0x0000
SSHOWMSG, 0xe1f0, 0, 0x0000
DELAY, 0xe20d, 0, 0x0000
LOADCAS, 0xe27c, 0, 0x0000
SAVECAS, 0xe2dc, 0, 0x0000
LOADER, 0xe31b, 0, 0x0000
LPTINIT, 0xe397, 0, 0x0000
LPTPUTC, 0xe3a2, 0, 0x0000
DUMMYISR, 0xe271, 0, 0x0000
ENSEG, 0xe21e, 0, 0x0000
DMSG1, 0xe450, 0, 0x0000
MSG1, 0xe3b5, 0, 0x0000
NOTCR, 0xe07a, 0, 0x0000
BACKSPACE, 0xe096, 0, 0x0000
ESCAPE, 0xe085, 0, 0x0000
NEXTCHAR, 0xe0a3, 0, 0x0000
GETLINE, 0xe08a, 0, 0x0000
CONVERT, 0xe0b3, 0, 0x0000
SETSTOR, 0xe0c6, 0, 0x0000
SETMODE, 0xe0c7, 0, 0x0000
BLSKIP, 0xe0c9, 0, 0x0000
NEXTITEM, 0xe0ca, 0, 0x0000
SETSAVE, 0xe12a, 0, 0x0000
SETLOAD, 0xe131, 0, 0x0000
RUN, 0xe118, 0, 0x0000
LOADINT, 0xe124, 0, 0x0000
NEXTHEX, 0xe0f1, 0, 0x0000
DIG, 0xe100, 0, 0x0000
NOTHEX, 0xe111, 0, 0x0000
HEXSHIFT, 0xe106, 0, 0x0000
NOESCAPE, 0xe137, 0, 0x0000
ACTRUN, 0xe11e, 0, 0x0000
JNEXTITEM, 0xe121, 0, 0x0000
ISXAM, 0xe141, 0, 0x0000
NOTSTOR, 0xe152, 0, 0x0000
TONEXTITEM, 0xe14f, 0, 0x0000
XAMNEXT, 0xe184, 0, 0x0000
SETADR, 0xe156, 0, 0x0000
NXTPRNT, 0xe15f, 0, 0x0000
PRDATA, 0xe17a, 0, 0x0000
MOD8CHK, 0xe196, 0, 0x0000
WAIT, 0xe1b5, 0, 0x0000
PRINT, 0xe1c0, 0, 0x0000
DONE, 0xe1ca, 0, 0x0000
SCLEAR, 0xe1d1, 0, 0x0000
CLR, 0xe457, 0, 0x0000
PADONE, 0xe1ef, 0, 0x0000
PUTASC, 0xe1e6, 0, 0x0000
SPUTDIS, 0xe1f2, 0, 0x0000
SDONE, 0xe20c, 0, 0x0000
SSDEL, 0xe206, 0, 0x0000
OUTER, 0xe212, 0, 0x0000
INNER, 0xe214, 0, 0x0000
SEVSEG, 0xe244, 0, 0x0000
SEGS, 0xe45d, 0, 0x0000
NEXTSEG, 0xe263, 0, 0x0000
ENDSEG, 0xe265, 0, 0x0000
ISR, 0xe268, 0, 0x0000
NOSEVSEG, 0xe278, 0, 0x0000
FLUSH, 0xe27e, 0, 0x0000
WAITLOAD, 0xe288, 0, 0x0000
CASESC, 0xe2a6, 0, 0x0000
GETMOD, 0xe28f, 0, 0x0000
ENDCAS, 0xe2ad, 0, 0x0000
CMSG3, 0xe44a, 0, 0x0000
CMSG2, 0xe42b, 0, 0x0000
WAITREC, 0xe2e7, 0, 0x0000
WAITSAVE, 0xe2f3, 0, 0x0000
SENDMOD, 0xe2fa, 0, 0x0000
NOTDONE, 0xe312, 0, 0x0000
MSG3, 0xe3ee, 0, 0x0000
FLUSH2, 0xe328, 0, 0x0000
PARAMETERS, 0xe332, 0, 0x0000
LOAD, 0xe34e, 0, 0x0000
NOTDONE2, 0xe366, 0, 0x0000
DONE2, 0xe372, 0, 0x0000
MSG4, 0xe405, 0, 0x0000
MSG2, 0xe3e2, 0, 0x0000
CMSG1, 0xe417, 0, 0x0000
END, 0xe498, 0, 0x0000
