DDR, 0x0000, 0, 0x0000
PORT, 0x0001, 0, 0x0000
ACIA, 0xd800, 0, 0x0000
ACIA2, 0xd820, 0, 0x0000
AD, 0xd840, 0, 0x0000
CIA, 0xd000, 0, 0x0000
CIA2, 0xd860, 0, 0x0000
PRA, 0xd000, 0, 0x0000
PRB, 0xd001, 0, 0x0000
DDRA, 0xd002, 0, 0x0000
DDRB, 0xd003, 0, 0x0000
TAL, 0xd004, 0, 0x0000
TAH, 0xd005, 0, 0x0000
TBL, 0xd006, 0, 0x0000
TBH, 0xd007, 0, 0x0000
SDR, 0xd00c, 0, 0x0000
ICR, 0xd00d, 0, 0x0000
CRA, 0xd00e, 0, 0x0000
CRB, 0xd00f, 0, 0x0000
PRA2, 0xd860, 0, 0x0000
PRB2, 0xd861, 0, 0x0000
DDRA2, 0xd862, 0, 0x0000
DDRB2, 0xd863, 0, 0x0000
TAL2, 0xd864, 0, 0x0000
TAH2, 0xd865, 0, 0x0000
TBL2, 0xd866, 0, 0x0000
TBH2, 0xd867, 0, 0x0000
SDR2, 0xd86c, 0, 0x0000
ICR2, 0xd86d, 0, 0x0000
CRA2, 0xd86e, 0, 0x0000
CRB2, 0xd86f, 0, 0x0000
ACIA_CTRL, 0xd800, 0, 0x0000
ACIA_SR, 0xd800, 0, 0x0000
ACIA_DAT, 0xd801, 0, 0x0000
ACIA2_CTRL, 0xd820, 0, 0x0000
ACIA2_SR, 0xd820, 0, 0x0000
ACIA2_DAT, 0xd821, 0, 0x0000
DIGN, 0x0043, 0, 0x0000
DIG0, 0x0044, 0, 0x0000
DIG1, 0x0045, 0, 0x0000
DIG2, 0x0046, 0, 0x0000
DIG3, 0x0047, 0, 0x0000
DIG4, 0x0048, 0, 0x0000
DIG5, 0x0049, 0, 0x0000
DIGA, 0x004a, 0, 0x0000
MSGL, 0x002c, 0, 0x0000
MSGH, 0x002d, 0, 0x0000
START, 0x1000, 0, 0x0000
END, 0x1068, 0, 0x0000
MSG1, 0x100b, 0, 0x0000
MAIN, 0x1018, 0, 0x0000
SCROLL, 0x1032, 0, 0x0000
CONVERT, 0x102c, 0, 0x0000
PRASC, 0x1042, 0, 0x0000
LOOP, 0x1034, 0, 0x0000
DELAY, 0x1053, 0, 0x0000
PUTBCD, 0x1049, 0, 0x0000
OUTER, 0x105a, 0, 0x0000
INNER, 0x105c, 0, 0x0000
